<?xml version="1.0" encoding="UTF-8"?>
<testsuite xmlns:xsi="http://www.w3.org/2001/XMLSchema-instance" xsi:noNamespaceSchemaLocation="https://maven.apache.org/surefire/maven-surefire-plugin/xsd/surefire-test-report-3.0.xsd" version="3.0" name="com.test.training.Calculator.JenkinsCalculatorTest" time="0.144" tests="2" errors="0" skipped="0" failures="0">
  <properties>
[...]
</properties>
  <testcase name="subTest" classname="com.test.training.Calculator.JenkinsCalculatorTest" time="0.018">
    <system-out><![CDATA[Subtraction Operation
]]></system-out>
  </testcase>
  <testcase name="addTest" classname="com.test.training.Calculator.JenkinsCalculatorTest" time="0.002">
    <system-out><![CDATA[Addition Operation
]]></system-out>
  </testcase>
</testsuite>